<?xml version="1.0" encoding="UTF-8"?>
<!-- Generated by org.testng.reporters.JUnitReportReporter -->
<testsuite hostname="CC-LT001048" failures="0" tests="3" name="tests.HomeTest" time="1.010" errors="0" timestamp="2024-02-29T17:22:17 IST" skipped="0">
  <testcase classname="tests.HomeTest" name="verifyHomePageUrl" time="0.032"/>
  <system-out/>
  <testcase classname="tests.HomeTest" name="verifyHomePageTitle" time="0.005"/>
  <system-out/>
  <testcase classname="tests.HomeTest" name="verifyHomePageHeader" time="0.973"/>
  <system-out/>
</testsuite> <!-- tests.HomeTest -->
