<?xml version="1.0" encoding="UTF-8"?>
<!-- Generated by org.testng.reporters.JUnitReportReporter -->
<testsuite hostname="CC-LT001048" failures="0" tests="3" name="tests.LoginTest" time="2.894" errors="0" timestamp="2024-02-27T10:05:00 IST" skipped="0">
  <testcase classname="tests.LoginTest" name="loginPageNavigationTest" time="0.859"/>
  <system-out/>
  <testcase classname="tests.LoginTest" name="forgetPasswordLinkExitTest" time="0.650"/>
  <system-out/>
  <testcase classname="tests.LoginTest" name="appLoginTest" time="1.385"/>
  <system-out/>
</testsuite> <!-- tests.LoginTest -->
