<?xml version="1.0" encoding="UTF-8"?>
<!-- Generated by org.testng.reporters.JUnitReportReporter -->
<testsuite hostname="CC-LT001048" failures="0" tests="5" name="tests.HomeTest" time="1.882" errors="0" timestamp="2024-02-27T10:05:00 IST" skipped="0">
  <testcase classname="tests.HomeTest" name="verifyHomePageUrl" time="0.007"/>
  <system-out/>
  <testcase classname="tests.HomeTest" name="verifyHomePageTitle" time="0.010"/>
  <system-out/>
  <testcase classname="tests.HomeTest" name="verifyHomePageHeader" time="0.550"/>
  <system-out/>
  <testcase classname="tests.HomeTest" name="verifyHomePageHeader" time="0.528"/>
  <system-out/>
  <testcase classname="tests.HomeTest" name="verifyHomePageHeader" time="0.787"/>
  <system-out/>
</testsuite> <!-- tests.HomeTest -->
