<?xml version="1.0" encoding="UTF-8"?>
<!-- Generated by org.testng.reporters.JUnitReportReporter -->
<testsuite hostname="CC-LT001048" failures="0" tests="3" name="tests.LoginTest" time="3.021" errors="0" timestamp="2024-02-29T17:22:17 IST" skipped="0">
  <testcase classname="tests.LoginTest" name="loginPageNavigationTest" time="0.638"/>
  <system-out/>
  <testcase classname="tests.LoginTest" name="forgetPasswordLinkExitTest" time="0.595"/>
  <system-out/>
  <testcase classname="tests.LoginTest" name="appLoginTest" time="1.788"/>
  <system-out/>
</testsuite> <!-- tests.LoginTest -->
